c:\users\bermu\desktop\definitive\definitivo\debug\vc142.pdb
c:\users\bermu\desktop\definitive\definitivo\debug\vc142.idb
c:\users\bermu\desktop\definitive\definitivo\debug\interfaz.obj
c:\users\bermu\desktop\definitive\definitivo\debug\controladora.obj
c:\users\bermu\desktop\definitive\definitivo\debug\juego.obj
c:\users\bermu\desktop\definitive\definitivo\debug\main.obj
c:\users\bermu\desktop\definitive\definitivo\debug\palabra.obj
c:\users\bermu\desktop\definitive\definitivo\debug\nodopalabra.obj
c:\users\bermu\desktop\definitive\definitivo\debug\listapalabra.obj
c:\users\bermu\desktop\definitive\definitivo\debug\listajugador.obj
c:\users\bermu\desktop\definitive\definitivo\debug\administrador.obj
c:\users\bermu\desktop\definitive\definitivo\debug\nodojugador.obj
c:\users\bermu\desktop\definitive\definitivo\debug\jugador.obj
c:\users\bermu\desktop\definitive\definitivo\debug\persona.obj
c:\users\bermu\desktop\definitive\definitivo\debug\definitivo.exe
c:\users\bermu\desktop\definitive\definitivo\debug\definitivo.ilk
c:\users\bermu\desktop\definitive\definitivo\debug\definitivo.pdb
c:\users\bermu\desktop\definitive\definitivo\debug\controladora.obj.enc
c:\users\bermu\desktop\definitive\definitivo\debug\definitivo.tlog\cl.command.1.tlog
c:\users\bermu\desktop\definitive\definitivo\debug\definitivo.tlog\cl.read.1.tlog
c:\users\bermu\desktop\definitive\definitivo\debug\definitivo.tlog\cl.write.1.tlog
c:\users\bermu\desktop\definitive\definitivo\debug\definitivo.tlog\link.command.1.tlog
c:\users\bermu\desktop\definitive\definitivo\debug\definitivo.tlog\link.read.1.tlog
c:\users\bermu\desktop\definitive\definitivo\debug\definitivo.tlog\link.write.1.tlog
